<component name="libraryTable">
  <library name="junit-4.8.1">
    <CLASSES>
      <root url="jar://$USER_HOME$/.gradle/caches/artifacts-14/filestore/junit/junit/4.8.1/jar/f2975548f836416306ef1dee748d956f04733915/junit-4.8.1.jar!/" />
    </CLASSES>
    <JAVADOC />
    <SOURCES>
      <root url="jar://$USER_HOME$/.gradle/caches/artifacts-14/filestore/junit/junit/4.8.1/source/2a699fa5026aef66411ed1f57be2af0b541f8990/junit-4.8.1-sources.jar!/" />
    </SOURCES>
  </library>
</component>